<?xml version="1.0" encoding="UTF-8"?>
<!-- Generated by org.testng.reporters.JUnitXMLReporter -->
<testsuite ignored="0" hostname="ICS-LTP-VELSEL" failures="0" tests="6" name="Default test" time="13.278" errors="0" timestamp="2024-01-24T14:08:10 NZDT">
  <testcase classname="api.test.DDTests" name="testpostuser" time="4.703"/>
  <testcase classname="api.test.DDTests" name="testpostuser" time="1.067"/>
  <testcase classname="api.test.DDTests" name="testpostuser" time="1.131"/>
  <testcase classname="api.test.DDTests" name="testdeleteuserbyname" time="1.188"/>
  <testcase classname="api.test.DDTests" name="testdeleteuserbyname" time="1.229"/>
  <testcase classname="api.test.DDTests" name="testdeleteuserbyname" time="1.219"/>
</testsuite> <!-- Default test -->
