<?xml version="1.0" encoding="UTF-8"?>
<!-- Generated by org.testng.reporters.JUnitXMLReporter -->
<testsuite ignored="0" hostname="ICS-LTP-VELSEL" failures="0" tests="10" name="Test" time="21.054" errors="0" timestamp="2024-01-24T15:17:45 NZDT">
  <testcase classname="api.test.Usertests2" name="testpostuser" time="5.199"/>
  <testcase classname="api.test.Usertests2" name="testgetuser" time="1.248"/>
  <testcase classname="api.test.Usertests2" name="testupdateuser" time="2.118"/>
  <testcase classname="api.test.Usertests2" name="testdeleteuser" time="1.143"/>
  <testcase classname="api.test.DDTests" name="testpostuser" time="1.017"/>
  <testcase classname="api.test.DDTests" name="testpostuser" time="1.021"/>
  <testcase classname="api.test.DDTests" name="testpostuser" time="1.106"/>
  <testcase classname="api.test.DDTests" name="testdeleteuserbyname" time="1.051"/>
  <testcase classname="api.test.DDTests" name="testdeleteuserbyname" time="1.156"/>
  <testcase classname="api.test.DDTests" name="testdeleteuserbyname" time="1.127"/>
</testsuite> <!-- Test -->
