<?xml version="1.0" encoding="UTF-8"?>
<testng-results ignored="0" total="10" passed="10" failed="0" skipped="0">
  <reporter-output>
  </reporter-output>
  <suite started-at="2024-01-24T15:17:22 NZDT" name="Suite" finished-at="2024-01-24T15:17:43 NZDT" duration-ms="21054">
    <groups>
    </groups>
    <test started-at="2024-01-24T15:17:22 NZDT" name="Test" finished-at="2024-01-24T15:17:43 NZDT" duration-ms="21054">
      <class name="api.test.Usertests2">
        <test-method is-config="true" signature="setup()[pri:0, instance:api.test.Usertests2@14cd1699]" started-at="2024-01-24T15:17:23 NZDT" name="setup" finished-at="2024-01-24T15:17:24 NZDT" duration-ms="1632" status="PASS">
          <reporter-output>
          </reporter-output>
        </test-method> <!-- setup -->
        <test-method signature="testpostuser()[pri:1, instance:api.test.Usertests2@14cd1699]" started-at="2024-01-24T15:17:24 NZDT" name="testpostuser" finished-at="2024-01-24T15:17:30 NZDT" duration-ms="5199" status="PASS">
          <reporter-output>
          </reporter-output>
        </test-method> <!-- testpostuser -->
        <test-method signature="testgetuser()[pri:2, instance:api.test.Usertests2@14cd1699]" started-at="2024-01-24T15:17:30 NZDT" name="testgetuser" finished-at="2024-01-24T15:17:31 NZDT" duration-ms="1248" status="PASS">
          <reporter-output>
          </reporter-output>
        </test-method> <!-- testgetuser -->
        <test-method signature="testupdateuser()[pri:3, instance:api.test.Usertests2@14cd1699]" started-at="2024-01-24T15:17:31 NZDT" name="testupdateuser" finished-at="2024-01-24T15:17:33 NZDT" duration-ms="2118" status="PASS">
          <reporter-output>
          </reporter-output>
        </test-method> <!-- testupdateuser -->
        <test-method signature="testdeleteuser()[pri:4, instance:api.test.Usertests2@14cd1699]" started-at="2024-01-24T15:17:33 NZDT" name="testdeleteuser" finished-at="2024-01-24T15:17:34 NZDT" duration-ms="1143" status="PASS">
          <reporter-output>
          </reporter-output>
        </test-method> <!-- testdeleteuser -->
      </class> <!-- api.test.Usertests2 -->
      <class name="api.test.DDTests">
        <test-method signature="testpostuser(java.lang.String,java.lang.String,java.lang.String,java.lang.String,java.lang.String,java.lang.String,java.lang.String)[pri:1, instance:api.test.DDTests@3e694b3f]" started-at="2024-01-24T15:17:36 NZDT" name="testpostuser" data-provider="data" finished-at="2024-01-24T15:17:37 NZDT" duration-ms="1017" status="PASS">
          <params>
            <param index="0">
              <value>
                <![CDATA[1010]]>
              </value>
            </param>
            <param index="1">
              <value>
                <![CDATA[user1]]>
              </value>
            </param>
            <param index="2">
              <value>
                <![CDATA[Tom]]>
              </value>
            </param>
            <param index="3">
              <value>
                <![CDATA[Stew]]>
              </value>
            </param>
            <param index="4">
              <value>
                <![CDATA[tom@gmail.com]]>
              </value>
            </param>
            <param index="5">
              <value>
                <![CDATA[tom@]]>
              </value>
            </param>
            <param index="6">
              <value>
                <![CDATA[9544863]]>
              </value>
            </param>
          </params>
          <reporter-output>
          </reporter-output>
        </test-method> <!-- testpostuser -->
        <test-method signature="testpostuser(java.lang.String,java.lang.String,java.lang.String,java.lang.String,java.lang.String,java.lang.String,java.lang.String)[pri:1, instance:api.test.DDTests@3e694b3f]" started-at="2024-01-24T15:17:37 NZDT" name="testpostuser" data-provider="data" finished-at="2024-01-24T15:17:38 NZDT" duration-ms="1021" status="PASS">
          <params>
            <param index="0">
              <value>
                <![CDATA[2010]]>
              </value>
            </param>
            <param index="1">
              <value>
                <![CDATA[user2]]>
              </value>
            </param>
            <param index="2">
              <value>
                <![CDATA[Scott]]>
              </value>
            </param>
            <param index="3">
              <value>
                <![CDATA[Rocky]]>
              </value>
            </param>
            <param index="4">
              <value>
                <![CDATA[scott@gmail.com]]>
              </value>
            </param>
            <param index="5">
              <value>
                <![CDATA[scott@]]>
              </value>
            </param>
            <param index="6">
              <value>
                <![CDATA[89548766]]>
              </value>
            </param>
          </params>
          <reporter-output>
          </reporter-output>
        </test-method> <!-- testpostuser -->
        <test-method signature="testpostuser(java.lang.String,java.lang.String,java.lang.String,java.lang.String,java.lang.String,java.lang.String,java.lang.String)[pri:1, instance:api.test.DDTests@3e694b3f]" started-at="2024-01-24T15:17:38 NZDT" name="testpostuser" data-provider="data" finished-at="2024-01-24T15:17:40 NZDT" duration-ms="1106" status="PASS">
          <params>
            <param index="0">
              <value>
                <![CDATA[3010]]>
              </value>
            </param>
            <param index="1">
              <value>
                <![CDATA[user3]]>
              </value>
            </param>
            <param index="2">
              <value>
                <![CDATA[Billy]]>
              </value>
            </param>
            <param index="3">
              <value>
                <![CDATA[Smith]]>
              </value>
            </param>
            <param index="4">
              <value>
                <![CDATA[billy@gmail.com]]>
              </value>
            </param>
            <param index="5">
              <value>
                <![CDATA[billy@]]>
              </value>
            </param>
            <param index="6">
              <value>
                <![CDATA[87549631]]>
              </value>
            </param>
          </params>
          <reporter-output>
          </reporter-output>
        </test-method> <!-- testpostuser -->
        <test-method signature="testdeleteuserbyname(java.lang.String)[pri:2, instance:api.test.DDTests@3e694b3f]" started-at="2024-01-24T15:17:40 NZDT" name="testdeleteuserbyname" data-provider="usernames" finished-at="2024-01-24T15:17:41 NZDT" duration-ms="1051" status="PASS">
          <params>
            <param index="0">
              <value>
                <![CDATA[user1]]>
              </value>
            </param>
          </params>
          <reporter-output>
          </reporter-output>
        </test-method> <!-- testdeleteuserbyname -->
        <test-method signature="testdeleteuserbyname(java.lang.String)[pri:2, instance:api.test.DDTests@3e694b3f]" started-at="2024-01-24T15:17:41 NZDT" name="testdeleteuserbyname" data-provider="usernames" finished-at="2024-01-24T15:17:42 NZDT" duration-ms="1156" status="PASS">
          <params>
            <param index="0">
              <value>
                <![CDATA[user2]]>
              </value>
            </param>
          </params>
          <reporter-output>
          </reporter-output>
        </test-method> <!-- testdeleteuserbyname -->
        <test-method signature="testdeleteuserbyname(java.lang.String)[pri:2, instance:api.test.DDTests@3e694b3f]" started-at="2024-01-24T15:17:42 NZDT" name="testdeleteuserbyname" data-provider="usernames" finished-at="2024-01-24T15:17:43 NZDT" duration-ms="1127" status="PASS">
          <params>
            <param index="0">
              <value>
                <![CDATA[user3]]>
              </value>
            </param>
          </params>
          <reporter-output>
          </reporter-output>
        </test-method> <!-- testdeleteuserbyname -->
      </class> <!-- api.test.DDTests -->
    </test> <!-- Test -->
  </suite> <!-- Suite -->
</testng-results>
